[ 2025-12-22 12:58:26,254 ] 1025 httpx - INFO - HTTP Request: GET https://dagshub.com/api/v1/user "HTTP/1.1 200 OK"
[ 2025-12-22 12:58:26,303 ] 107 dagshub - INFO - Accessing as swabhimanraj453
[ 2025-12-22 12:58:27,427 ] 1025 httpx - INFO - HTTP Request: GET https://dagshub.com/api/v1/repos/swabhimanraj453/networksecurity "HTTP/1.1 200 OK"
[ 2025-12-22 12:58:28,468 ] 1025 httpx - INFO - HTTP Request: GET https://dagshub.com/api/v1/user "HTTP/1.1 200 OK"
[ 2025-12-22 12:58:28,472 ] 107 dagshub - INFO - Initialized MLflow to track repo "swabhimanraj453/networksecurity"
[ 2025-12-22 12:58:28,472 ] 107 dagshub - INFO - Repository swabhimanraj453/networksecurity initialized!
[ 2025-12-22 12:58:28,472 ] 21 root - INFO - Initiate the data ingestion
[ 2025-12-22 12:58:45,749 ] 73 root - INFO - Performed train test split on the dataframe
[ 2025-12-22 12:58:45,750 ] 75 root - INFO - Exited split_data_as_train_test method of Data_Ingestion class
[ 2025-12-22 12:58:45,751 ] 83 root - INFO - Exporting train and test file path.
[ 2025-12-22 12:58:46,201 ] 23 root - INFO - Data Initiation Completed
[ 2025-12-22 12:58:46,235 ] 27 root - INFO - Initiate the data Validation
[ 2025-12-22 12:58:46,440 ] 32 root - INFO - Required number of columns:2
[ 2025-12-22 12:58:46,440 ] 33 root - INFO - Data frame has columns:31
[ 2025-12-22 12:58:46,440 ] 32 root - INFO - Required number of columns:2
[ 2025-12-22 12:58:46,440 ] 33 root - INFO - Data frame has columns:31
[ 2025-12-22 12:58:47,502 ] 29 root - INFO - data Validation Completed
[ 2025-12-22 12:58:47,503 ] 32 root - INFO - data Transformation started
[ 2025-12-22 12:58:47,504 ] 63 root - INFO - Entered initiate_data_transformation method of DataTransformation class
[ 2025-12-22 12:58:47,504 ] 65 root - INFO - Starting data transformation
[ 2025-12-22 12:58:47,799 ] 48 root - INFO - Entered get_data_trnasformer_object method of Trnasformation class
[ 2025-12-22 12:58:47,799 ] 53 root - INFO - Initialise KNNImputer with {'missing_values': nan, 'n_neighbors': 3, 'weights': 'uniform'}
[ 2025-12-22 12:58:47,890 ] 46 root - INFO - Entered the save_object method of MainUtils class
[ 2025-12-22 12:58:47,916 ] 50 root - INFO - Exited the save_object method of MainUtils class
[ 2025-12-22 12:58:47,917 ] 46 root - INFO - Entered the save_object method of MainUtils class
[ 2025-12-22 12:58:47,946 ] 50 root - INFO - Exited the save_object method of MainUtils class
[ 2025-12-22 12:58:47,961 ] 36 root - INFO - data Transformation completed
[ 2025-12-22 12:58:47,962 ] 37 root - INFO - Model Training sstared
[ 2025-12-22 13:20:05,093 ] 46 root - INFO - Entered the save_object method of MainUtils class
[ 2025-12-22 13:20:05,096 ] 50 root - INFO - Exited the save_object method of MainUtils class
[ 2025-12-22 13:20:05,096 ] 46 root - INFO - Entered the save_object method of MainUtils class
[ 2025-12-22 13:20:05,144 ] 50 root - INFO - Exited the save_object method of MainUtils class
[ 2025-12-22 13:20:05,144 ] 146 root - INFO - Model trainer artifact: ModelTrainerArtifact(trained_model_file_path='Artifacts\\12_22_2025_12_57_59\\model_trainer\\trained_model\\model.pkl', train_metric_artifact=ClassificationMetricArtifact(f1_score=0.9907707910750507, precision_score=0.9894662210067862, recall_score=0.9920788057276327), test_metric_artifact=ClassificationMetricArtifact(f1_score=0.9882591093117409, precision_score=0.9870602507076426, recall_score=0.9894608836643697))
[ 2025-12-22 13:20:05,150 ] 42 root - INFO - Model Training artifact created
