[ 2025-12-17 12:28:31,276 ] 1025 httpx - INFO - HTTP Request: GET https://dagshub.com/api/v1/user "HTTP/1.1 200 OK"
[ 2025-12-17 12:28:31,296 ] 107 dagshub - INFO - Accessing as swabhimanraj453
[ 2025-12-17 12:28:32,816 ] 1025 httpx - INFO - HTTP Request: GET https://dagshub.com/api/v1/repos/swabhimanraj453/networksecurity "HTTP/1.1 200 OK"
[ 2025-12-17 12:28:34,045 ] 1025 httpx - INFO - HTTP Request: GET https://dagshub.com/api/v1/user "HTTP/1.1 200 OK"
[ 2025-12-17 12:28:34,062 ] 107 dagshub - INFO - Initialized MLflow to track repo "swabhimanraj453/networksecurity"
[ 2025-12-17 12:28:34,067 ] 107 dagshub - INFO - Repository swabhimanraj453/networksecurity initialized!
[ 2025-12-17 12:28:34,068 ] 21 root - INFO - Initiate the data ingestion
[ 2025-12-17 12:29:23,590 ] 73 root - INFO - Performed train test split on the dataframe
[ 2025-12-17 12:29:23,590 ] 75 root - INFO - Exited split_data_as_train_test method of Data_Ingestion class
[ 2025-12-17 12:29:23,591 ] 83 root - INFO - Exporting train and test file path.
[ 2025-12-17 12:29:24,024 ] 23 root - INFO - Data Initiation Completed
[ 2025-12-17 12:29:24,065 ] 27 root - INFO - Initiate the data Validation
[ 2025-12-17 12:29:24,366 ] 32 root - INFO - Required number of columns:2
[ 2025-12-17 12:29:24,366 ] 33 root - INFO - Data frame has columns:31
[ 2025-12-17 12:29:24,366 ] 32 root - INFO - Required number of columns:2
[ 2025-12-17 12:29:24,366 ] 33 root - INFO - Data frame has columns:31
[ 2025-12-17 12:29:25,924 ] 29 root - INFO - data Validation Completed
[ 2025-12-17 12:29:25,925 ] 32 root - INFO - data Transformation started
[ 2025-12-17 12:29:25,926 ] 63 root - INFO - Entered initiate_data_transformation method of DataTransformation class
[ 2025-12-17 12:29:25,927 ] 65 root - INFO - Starting data transformation
[ 2025-12-17 12:29:26,354 ] 48 root - INFO - Entered get_data_trnasformer_object method of Trnasformation class
[ 2025-12-17 12:29:26,355 ] 53 root - INFO - Initialise KNNImputer with {'missing_values': nan, 'n_neighbors': 3, 'weights': 'uniform'}
[ 2025-12-17 12:29:26,444 ] 46 root - INFO - Entered the save_object method of MainUtils class
[ 2025-12-17 12:29:26,465 ] 50 root - INFO - Exited the save_object method of MainUtils class
[ 2025-12-17 12:29:26,465 ] 46 root - INFO - Entered the save_object method of MainUtils class
[ 2025-12-17 12:29:26,483 ] 50 root - INFO - Exited the save_object method of MainUtils class
[ 2025-12-17 12:29:26,487 ] 36 root - INFO - data Transformation completed
[ 2025-12-17 12:29:26,487 ] 37 root - INFO - Model Training sstared
[ 2025-12-17 12:55:32,706 ] 46 root - INFO - Entered the save_object method of MainUtils class
[ 2025-12-17 12:55:32,708 ] 50 root - INFO - Exited the save_object method of MainUtils class
[ 2025-12-17 12:55:32,708 ] 46 root - INFO - Entered the save_object method of MainUtils class
[ 2025-12-17 12:55:32,766 ] 50 root - INFO - Exited the save_object method of MainUtils class
[ 2025-12-17 12:55:32,766 ] 151 root - INFO - Model trainer artifact: ModelTrainerArtifact(trained_model_file_path='Artifacts\\12_17_2025_12_28_12\\model_trainer\\trained_model\\model.pkl', train_metric_artifact=ClassificationMetricArtifact(f1_score=0.9912568858341335, precision_score=0.9873150105708245, recall_score=0.995230363304242), test_metric_artifact=ClassificationMetricArtifact(f1_score=0.9848208864602307, precision_score=0.9806529625151149, recall_score=0.9890243902439024))
[ 2025-12-17 12:55:32,776 ] 42 root - INFO - Model Training artifact created
